
> react-typescript-starter@0.1.0 test
> react-scripts test "--coverage"

PASS src/nested.test.ts
PASS src/objects.test.ts
PASS src/components/StartAttempt.test.tsx
PASS src/components/TwoDice.test.tsx
PASS src/form-components/MultipleChoiceQuestion.test.tsx
PASS src/bad-components/ChooseTeam.test.tsx
PASS src/bad-components/DoubleHalf.test.tsx
PASS src/functions.test.ts
PASS src/form-components/CheckAnswer.test.tsx
PASS src/form-components/EditMode.test.tsx
PASS src/components/ChangeType.test.tsx
PASS src/components/CycleHoliday.test.tsx
PASS src/form-components/GiveAttempts.test.tsx
PASS src/form-components/ChangeColor.test.tsx
PASS src/components/Counter.test.tsx
PASS src/components/RevealAnswer.test.tsx
PASS src/bad-components/ColoredBox.test.tsx
PASS src/bad-components/ShoveBox.test.tsx
PASS src/quizzer/Quizzer.test.tsx
PASS src/App.test.tsx
-----------------------------|---------|----------|---------|---------|-------------------
File                         | % Stmts | % Branch | % Funcs | % Lines | Uncovered Line #s 
-----------------------------|---------|----------|---------|---------|-------------------
All files                    |   70.45 |    71.79 |   69.63 |   70.87 |                   
 src                         |   97.36 |    97.43 |   98.21 |   98.46 |                   
  App.tsx                    |      75 |      100 |   66.66 |      75 | 29                
  functions.ts               |     100 |      100 |     100 |     100 |                   
  nested.ts                  |   97.72 |    95.23 |     100 |     100 | 247               
  objects.ts                 |     100 |      100 |     100 |     100 |                   
 src/bad-components          |     100 |       50 |     100 |     100 |                   
  ChooseTeam.tsx             |     100 |       50 |     100 |     100 | 18                
  ColoredBox.tsx             |     100 |      100 |     100 |     100 |                   
  DoubleHalf.tsx             |     100 |      100 |     100 |     100 |                   
  ShoveBox.tsx               |     100 |      100 |     100 |     100 |                   
 src/components              |   96.61 |    86.66 |     100 |   96.42 |                   
  ChangeType.tsx             |     100 |      100 |     100 |     100 |                   
  Counter.tsx                |     100 |      100 |     100 |     100 |                   
  CycleHoliday.tsx           |   91.66 |    83.33 |     100 |   91.66 | 20,29             
  RevealAnswer.tsx           |     100 |      100 |     100 |     100 |                   
  StartAttempt.tsx           |     100 |       75 |     100 |     100 | 10-11             
  TwoDice.tsx                |     100 |      100 |     100 |     100 |                   
 src/form-components         |     100 |      100 |     100 |     100 |                   
  ChangeColor.tsx            |     100 |      100 |     100 |     100 |                   
  CheckAnswer.tsx            |     100 |      100 |     100 |     100 |                   
  EditMode.tsx               |     100 |      100 |     100 |     100 |                   
  GiveAttempts.tsx           |     100 |      100 |     100 |     100 |                   
  MultipleChoiceQuestion.tsx |     100 |      100 |     100 |     100 |                   
 src/interfaces              |       0 |        0 |       0 |       0 |                   
  answer.ts                  |       0 |        0 |       0 |       0 |                   
  question.ts                |       0 |        0 |       0 |       0 |                   
  quiz.ts                    |       0 |        0 |       0 |       0 |                   
  quizHolder.ts              |       0 |        0 |       0 |       0 |                   
 src/quizzer                 |      80 |       50 |     100 |      80 |                   
  Quizzer.tsx                |      80 |       50 |     100 |      80 | 48,59,70          
 src/quizzer/quizComponents  |    9.67 |        0 |   10.93 |   10.46 |                   
  Checklist.tsx              |     100 |      100 |     100 |     100 |                   
  EditQuizView.tsx           |    9.09 |        0 |       0 |   11.11 | 19-63             
  MainQuizView.tsx           |   46.15 |      100 |      60 |      50 | 15-18,49,66       
  ModifyQuestionList.tsx     |    4.76 |        0 |       0 |       5 | 29-161            
  ModifyQuizViewHelper.tsx   |       0 |        0 |       0 |       0 | 23-74             
  NewQuizView.tsx            |       0 |      100 |       0 |       0 | 11-29             
  TakeQuizView.tsx           |       0 |        0 |       0 |       0 | 12-187            
-----------------------------|---------|----------|---------|---------|-------------------

Test Suites: 20 passed, 20 total
Tests:       126 passed, 126 total
Snapshots:   0 total
Time:        11.266 s
Ran all test suites.
